---
title: 'Reverse the Stack Memory'
---

# Stack Pointer

Stack pointer (rsp) always points to top of the stack. Register rsp changed on instructions push, pop, call, ret.

## Push & Pop

Instruction push put a value onto the stack. Instruction pop remove a value from the stack.

:::::::::::::: {.columns}
::: {.column width=40%}

File main.s
```asm
.section .text
.global _start

.text
_start:
    movabs  $0xabcdabcdabcdabcd, %rax
    push    %rax

    movabs  $0x1234123412341234, %rax
    push    %rax

    movq    $60, %rax     # syscall: exit
    xorq    %rdi, %rdi    # exit code 0
    syscall
```

Build.
```sh
as main.s -o main.o
ld main.o -o main
```

Debug.
```sh
(gdb) file main
(gdb) break _start
(gdb) run
Breakpoint 1, 0x0000000000401000 in _start ()
```

:::
::: {.column width=60%}

Monitor stack.
```sh
(gdb) disassemble
Dump of assembler code for function _start:
=> 0x0000000000401000 <+0>:     movabs $0xabcdabcdabcdabcd,%rax
   0x000000000040100a <+10>:    push   %rax
   0x000000000040100b <+11>:    movabs $0x1234123412341234,%rax
   0x0000000000401015 <+21>:    push   %rax
   0x0000000000401016 <+22>:    mov    $0x3c,%rax
   0x000000000040101d <+29>:    xor    %rdi,%rdi
   0x0000000000401020 <+32>:    syscall

(gdb) while 1
> x/4gx $rsp
> x/i $rip
> nexti
> end
```

```sh
0x7fffffffe700: 0x0000000000000001      0x00007fffffffe9ab
0x7fffffffe710: 0x0000000000000000      0x00007fffffffe9bc

=> 0x401000 <_start>:   movabs $0xabcdabcdabcdabcd,%rax
=> 0x40100a <_start+10>:        push   %rax
0x7fffffffe6f8: 0xabcdabcdabcdabcd      0x0000000000000001
0x7fffffffe708: 0x00007fffffffe9ab      0x0000000000000000

=> 0x40100b <_start+11>:        movabs $0x1234123412341234,%rax
=> 0x401015 <_start+21>:        push   %rax
0x7fffffffe6f0: 0x1234123412341234      0xabcdabcdabcdabcd
0x7fffffffe700: 0x0000000000000001      0x00007fffffffe9ab
```

:::
::::::::::::::

Illustrate.
```go
в”Ңв”Җв”Җв”Җв”Җв”Җв”Җв”Җв”Җв”Җв”Җв”Җв”Җв”Җв”Җв”Җв”¬в”Җв”Җв”Җв”Җв”Җв”Җв”Җв”Җв”Җв”Җв”Җв”Җв”Җв”Җв”Җв”Җв”Җв”Җв”Җв”җ        в”Ңв”Җв”Җв”Җв”Җв”Җв”Җв”Җв”Җв”Җв”Җв”Җв”Җв”Җв”Җв”Җв”¬в”Җв”Җв”Җв”Җв”Җв”Җв”Җв”Җв”Җв”Җв”Җв”Җв”Җв”Җв”Җв”Җв”Җв”Җв”Җв”җ        в”Ңв”Җв”Җв”Җв”Җв”Җв”Җв”Җв”Җв”Җв”Җв”Җв”Җв”Җв”Җв”Җв”¬в”Җв”Җв”Җв”Җв”Җв”Җв”Җв”Җв”Җв”Җв”Җв”Җв”Җв”Җв”Җв”Җв”Җв”Җв”Җв”җ
в”Ӯ   address     в”Ӯ       value       в”Ӯ        в”Ӯ   address     в”Ӯ       value       в”Ӯ        в”Ӯ   address     в”Ӯ       value       в”Ӯ
в”ңв”Җв”Җв”Җв”Җв”Җв”Җв”Җв”Җв”Җв”Җв”Җв”Җв”Җв”Җв”Җв”јв”Җв”Җв”Җв”Җв”Җв”Җв”Җв”Җв”Җв”Җв”Җв”Җв”Җв”Җв”Җв”Җв”Җв”Җв”Җв”Ө        в”ңв”Җв”Җв”Җв”Җв”Җв”Җв”Җв”Җв”Җв”Җв”Җв”Җв”Җв”Җв”Җв”јв”Җв”Җв”Җв”Җв”Җв”Җв”Җв”Җв”Җв”Җв”Җв”Җв”Җв”Җв”Җв”Җв”Җв”Җв”Җв”Ө        в”ңв”Җв”Җв”Җв”Җв”Җв”Җв”Җв”Җв”Җв”Җв”Җв”Җв”Җв”Җв”Җв”јв”Җв”Җв”Җв”Җв”Җв”Җв”Җв”Җв”Җв”Җв”Җв”Җв”Җв”Җв”Җв”Җв”Җв”Җв”Җв”Ө
в”Ӯ               в”Ӯ                   в”Ӯ        в”Ӯ               в”Ӯ                   в”Ӯ        в”Ӯ               в”Ӯ                   в”Ӯ
в”Ӯ               в”Ӯ                   в”Ӯ push   в”Ӯ               в”Ӯ                   в”Ӯ push   в”Ӯ0x7fffffffe6f0 в”Ӯ 0x1234123412341234в”Ӯ
в”Ӯ               в”Ӯ                   в”Ӯ в”Җв”Җв”Җв”Җв”Җв–ә в”Ӯ0x7fffffffe6f8 в”Ӯ 0xabcdabcdabcdabcdв”Ӯ в”Җв”Җв”Җв”Җв”Җв–ә в”Ӯ0x7fffffffe6f8 в”Ӯ 0xabcdabcdabcdabcdв”Ӯ
в”Ӯ0x7fffffffe700 в”Ӯ 0x0000000000000001в”Ӯ        в”Ӯ0x7fffffffe700 в”Ӯ 0x0000000000000001в”Ӯ        в”Ӯ0x7fffffffe700 в”Ӯ 0x0000000000000001в”Ӯ
в”Ӯ0x7fffffffe708 в”Ӯ 0x00007fffffffe9abв”Ӯ        в”Ӯ0x7fffffffe708 в”Ӯ 0x00007fffffffe9abв”Ӯ        в”Ӯ0x7fffffffe708 в”Ӯ 0x00007fffffffe9abв”Ӯ
в”Ӯ0x7fffffffe710 в”Ӯ 0x0000000000000000в”Ӯ        в”Ӯ0x7fffffffe710 в”Ӯ 0x0000000000000000в”Ӯ        в”Ӯ0x7fffffffe710 в”Ӯ 0x0000000000000000в”Ӯ
в”Ӯ0x7fffffffe718 в”Ӯ 0x00007fffffffe9bcв”Ӯ        в”Ӯ0x7fffffffe718 в”Ӯ 0x00007fffffffe9bcв”Ӯ        в”Ӯ0x7fffffffe718 в”Ӯ 0x00007fffffffe9bcв”Ӯ
в””в”Җв”Җв”Җв”Җв”Җв”Җв”Җв”Җв”Җв”Җв”Җв”Җв”Җв”Җв”Җв”ҙв”Җв”Җв”Җв”Җв”Җв”Җв”Җв”Җв”Җв”Җв”Җв”Җв”Җв”Җв”Җв”Җв”Җв”Җв”Җв”ҳ        в””в”Җв”Җв”Җв”Җв”Җв”Җв”Җв”Җв”Җв”Җв”Җв”Җв”Җв”Җв”Җв”ҙв”Җв”Җв”Җв”Җв”Җв”Җв”Җв”Җв”Җв”Җв”Җв”Җв”Җв”Җв”Җв”Җв”Җв”Җв”Җв”ҳ        в””в”Җв”Җв”Җв”Җв”Җв”Җв”Җв”Җв”Җв”Җв”Җв”Җв”Җв”Җв”Җв”ҙв”Җв”Җв”Җв”Җв”Җв”Җв”Җв”Җв”Җв”Җв”Җв”Җв”Җв”Җв”Җв”Җв”Җв”Җв”Җв”ҳ
```


## Call & Ret

Instruction call pushes the address of the next instruction (rip) onto the stack then jump to the target function. This address is also called the return address. Instruction ret pops the return address from the stack and jump to this address.

:::::::::::::: {.columns}
::: {.column width=40%}

File main.s
```asm
.section .text
.global _start

_start:    
    mov     $5, %rdi    # x = 5
    mov     $7, %rsi    # y = 7
    call    sum         # sum(x, y)

    mov     $60, %rax   # syscall: exit
    xor     %rdi, %rdi  # exit code 0
    syscall

# add two integers
sum:
    add     %rsi, %rdi  # x += y
    mov     %rdi, %rax  # rax = x
    ret
```

```sh
as main.s -o main.o
ld main.o -o main
```

```sh
(gdb) file main
(gdb) break _start
(gdb) run
Breakpoint 1, 0x0000000000401000 in _start ()
```

:::
::: {.column width=60%}

Monitor stack.
```sh
(gdb) disassemble
Dump of assembler code for function _start:
=> 0x0000000000401000 <+0>:     mov    $0x5,%rdi
   0x0000000000401007 <+7>:     mov    $0x7,%rsi
   0x000000000040100e <+14>:    call   0x40101f <sum>
   0x0000000000401013 <+19>:    mov    $0x3c,%rax
   0x000000000040101a <+26>:    xor    %rdi,%rdi
   0x000000000040101d <+29>:    syscall

(gdb) while 1
> x/4gx $rsp
> x/i $rip
> stepi
> end
```

```sh
0x7fffffffe700: 0x0000000000000001      0x00007fffffffe9ab
0x7fffffffe710: 0x0000000000000000      0x00007fffffffe9bc

=> 0x40100e <_start+14>:        call   0x40101f <sum>
0x7fffffffe6f8: 0x0000000000401013      0x0000000000000001
0x7fffffffe708: 0x00007fffffffe9ab      0x0000000000000000

=> 0x401025 <sum+6>:    ret    
0x7fffffffe700: 0x0000000000000001      0x00007fffffffe9ab
0x7fffffffe710: 0x0000000000000000      0x00007fffffffe9bc
```

:::
::::::::::::::

Illustrate.
```go
в”Ңв”Җв”Җв”Җв”Җв”Җв”Җв”Җв”Җв”Җв”Җв”Җв”Җв”Җв”Җв”Җв”¬в”Җв”Җв”Җв”Җв”Җв”Җв”Җв”Җв”Җв”Җв”Җв”Җв”Җв”Җв”Җв”Җв”Җв”Җв”Җв”җ        в”Ңв”Җв”Җв”Җв”Җв”Җв”Җв”Җв”Җв”Җв”Җв”Җв”Җв”Җв”Җв”Җв”¬в”Җв”Җв”Җв”Җв”Җв”Җв”Җв”Җв”Җв”Җв”Җв”Җв”Җв”Җв”Җв”Җв”Җв”Җв”Җв”җ        в”Ңв”Җв”Җв”Җв”Җв”Җв”Җв”Җв”Җв”Җв”Җв”Җв”Җв”Җв”Җв”Җв”¬в”Җв”Җв”Җв”Җв”Җв”Җв”Җв”Җв”Җв”Җв”Җв”Җв”Җв”Җв”Җв”Җв”Җв”Җв”Җв”җ
в”Ӯ   address     в”Ӯ       value       в”Ӯ        в”Ӯ   address     в”Ӯ       value       в”Ӯ        в”Ӯ   address     в”Ӯ       value       в”Ӯ
в”ңв”Җв”Җв”Җв”Җв”Җв”Җв”Җв”Җв”Җв”Җв”Җв”Җв”Җв”Җв”Җв”јв”Җв”Җв”Җв”Җв”Җв”Җв”Җв”Җв”Җв”Җв”Җв”Җв”Җв”Җв”Җв”Җв”Җв”Җв”Җв”Ө        в”ңв”Җв”Җв”Җв”Җв”Җв”Җв”Җв”Җв”Җв”Җв”Җв”Җв”Җв”Җв”Җв”јв”Җв”Җв”Җв”Җв”Җв”Җв”Җв”Җв”Җв”Җв”Җв”Җв”Җв”Җв”Җв”Җв”Җв”Җв”Җв”Ө        в”ңв”Җв”Җв”Җв”Җв”Җв”Җв”Җв”Җв”Җв”Җв”Җв”Җв”Җв”Җв”Җв”јв”Җв”Җв”Җв”Җв”Җв”Җв”Җв”Җв”Җв”Җв”Җв”Җв”Җв”Җв”Җв”Җв”Җв”Җв”Җв”Ө
в”Ӯ               в”Ӯ                   в”Ӯ        в”Ӯ               в”Ӯ                   в”Ӯ        в”Ӯ               в”Ӯ                   в”Ӯ
в”Ӯ               в”Ӯ                   в”Ӯ call   в”Ӯ               в”Ӯ                   в”Ӯ ret    в”Ӯ               в”Ӯ                   в”Ӯ
в”Ӯ               в”Ӯ                   в”Ӯ в”Җв”Җв”Җв”Җв”Җв–ә в”Ӯ0x7fffffffe6f8 в”Ӯ 0x0000000000401013в”Ӯ в”Җв”Җв”Җв”Җв”Җв–ә в”Ӯ               в”Ӯ                   в”Ӯ
в”Ӯ0x7fffffffe700 в”Ӯ 0x0000000000000001в”Ӯ        в”Ӯ0x7fffffffe700 в”Ӯ 0x0000000000000001в”Ӯ        в”Ӯ0x7fffffffe700 в”Ӯ 0x0000000000000001в”Ӯ
в”Ӯ0x7fffffffe708 в”Ӯ 0x00007fffffffe9abв”Ӯ        в”Ӯ0x7fffffffe708 в”Ӯ 0x00007fffffffe9abв”Ӯ        в”Ӯ0x7fffffffe708 в”Ӯ 0x00007fffffffe9abв”Ӯ
в”Ӯ0x7fffffffe710 в”Ӯ 0x0000000000000000в”Ӯ        в”Ӯ0x7fffffffe710 в”Ӯ 0x0000000000000000в”Ӯ        в”Ӯ0x7fffffffe710 в”Ӯ 0x0000000000000000в”Ӯ
в”Ӯ0x7fffffffe718 в”Ӯ 0x00007fffffffe9bcв”Ӯ        в”Ӯ0x7fffffffe718 в”Ӯ 0x00007fffffffe9bcв”Ӯ        в”Ӯ0x7fffffffe718 в”Ӯ 0x00007fffffffe9bcв”Ӯ
в””в”Җв”Җв”Җв”Җв”Җв”Җв”Җв”Җв”Җв”Җв”Җв”Җв”Җв”Җв”Җв”ҙв”Җв”Җв”Җв”Җв”Җв”Җв”Җв”Җв”Җв”Җв”Җв”Җв”Җв”Җв”Җв”Җв”Җв”Җв”Җв”ҳ        в””в”Җв”Җв”Җв”Җв”Җв”Җв”Җв”Җв”Җв”Җв”Җв”Җв”Җв”Җв”Җв”ҙв”Җв”Җв”Җв”Җв”Җв”Җв”Җв”Җв”Җв”Җв”Җв”Җв”Җв”Җв”Җв”Җв”Җв”Җв”Җв”ҳ        в””в”Җв”Җв”Җв”Җв”Җв”Җв”Җв”Җв”Җв”Җв”Җв”Җв”Җв”Җв”Җв”ҙв”Җв”Җв”Җв”Җв”Җв”Җв”Җв”Җв”Җв”Җв”Җв”Җв”Җв”Җв”Җв”Җв”Җв”Җв”Җв”ҳ
```

- Instruction call pushes $rip 0x0000000000401013 to the stack, and jump to the sum function.
- Instruction ret pops 0x0000000000401013 from the stack, and then jump to this address.


# Base Pointer

Base pointer (rbp) stores the start address of the function stack frame. Remains fixed throughout the function, allowing compiler to use its stable position to generate offsets for local variables and function arguments.

## Prolog & Epilog

:::::::::::::: {.columns}
::: {.column width=40%}

When calling a new C/C++ function, prolog is the compiler-generated code that sets up the stack frame for the new function. When leaving a C/C++ function, epilog is the compiler-generated code that restores the parent's stack frame and jump back to parent function.

Example: parent_func calls child_func.
```c
parent_func() {
    child_func()
}

child_func() {

}
```

:::
::: {.column width=60%}

```asm
<parent_func>:
call    child_func  # save parent next instruction address (rip) to stack,
                    # jump to child_func.
```

```asm
<child_func>:
                    # prolog
push   %rbp         # save parent base pointer (rbp) to stack.
mov    %rsp, %rbp   # move current base pointer to top of stack (rsp).

...                 # function body

                    # epilog
pop    %rbp         # restore parent base pointer from stack.
ret                 # restore parent next instruction address from stack,
                    # jump to this instruction (parent_func).
```

:::
::::::::::::::

Illustrate.
```go
        в”Ңв”Җв”Җв”Җв”Җв”Җв”Җв”Җв”Җв”Җв”Җв”Җв”җ              в”Ңв”Җв”Җв”Җв”Җв”Җв”Җв”Җв”Җв”Җв”Җв”Җв”җ             в”Ңв”Җв”Җв”Җв”Җв”Җв”Җв”Җв”Җв”Җв”Җв”Җв”җ             в”Ңв”Җв”Җв”Җв”Җв”Җв”Җв”Җв”Җв”Җв”Җв”Җв”җ
        в”Ӯ   stack   в”Ӯ              в”Ӯ   stack   в”Ӯ             в”Ӯ   stack   в”Ӯ             в”Ӯ   stack   в”Ӯ
$rbp в”Җв”җ в”ңв”Җв”Җв”Җв”Җв”Җв”Җв”Җв”Җв”Җв”Җв”Җв”Ө              в”ңв”Җв”Җв”Җв”Җв”Җв”Җв”Җв”Җв”Җв”Җв”Җв”Ө    $rbp в”Җв”җ  в”ңв”Җв”Җв”Җв”Җв”Җв”Җв”Җв”Җв”Җв”Җв”Җв”Ө    $rbp в”Җв”Җв”җ в”ңв”Җв”Җв”Җв”Җв”Җв”Җв”Җв”Җв”Җв”Җв”Җв”Ө
      в”Ӯ в”Ӯ           в”Ӯ              в”Ӯ           в”Ӯ          в”Ӯ  в”Ӯ           в”Ӯ           в”Ӯ в”Ӯ           в”Ӯ
      в”Ӯ в”Ӯ           в”Ӯ              в”Ӯ           в”Ӯ          в”Ӯ  в”Ӯ           в”Ӯ           в”Ӯ в”Ӯ           в”Ӯ
      в”Ӯ в”Ӯ           в”Ӯ              в”Ӯ           в”Ӯ          в”Ӯ  в”Ӯ           в”Ӯ           в”Ӯ в”Ӯ           в”Ӯ
      в”Ӯ в”Ӯ           в”Ӯ  parent_func в”Ӯ           в”Ӯ          в””в”Җв–әв”Ӯparent $rbpв”Ӯ           в”Ӯ в”Ӯ           в”Ӯ
      в”Ӯ в”Ӯ           в”Ӯ  call        в”Ӯparent $ripв”Ӯ             в”Ӯparent $ripв”Ӯ           в”Ӯ в”Ӯ           в”Ӯ
      в””в”Җв”јв–ә          в”Ӯ  child_func  в”Ӯ           в”Ӯ   prolog    в”Ӯ           в”Ӯ  epilog   в””в”Җв”јв–ә          в”Ӯ
        в”Ӯ           в”Ӯ в”Җв”Җв”Җв”Җв”Җв”Җв”Җв”Җв”Җв”Җв”Җв–ә в”Ӯ           в”Ӯ в”Җв”Җв”Җв”Җв”Җв”Җв”Җв”Җв”Җв”Җв–ә в”Ӯ           в”Ӯ в”Җв”Җв”Җв”Җв”Җв”Җв”Җв”Җв”Җв”Җв–ә в”Ӯ           в”Ӯ
        в””в”Җв”Җв”Җв”Җв”Җв”Җв”Җв”Җв”Җв”Җв”Җв”ҳ              в””в”Җв”Җв”Җв”Җв”Җв”Җв”Җв”Җв”Җв”Җв”Җв”ҳ             в””в”Җв”Җв”Җв”Җв”Җв”Җв”Җв”Җв”Җв”Җв”Җв”ҳ             в””в”Җв”Җв”Җв”Җв”Җв”Җв”Җв”Җв”Җв”Җв”Җв”ҳ
```

## Arguments & Local Variables

Local variables locates on the stack for each function call. Their addresses are based on negative offsets from the base pointer rbp.

:::::::::::::: {.columns}
::: {.column width=50%}

```c
int a, b, c;
a = 1;
b = 2;
c = 3;
```

:::
::: {.column width=50%}

```asm

movl   $0x1,-0xc(%rbp)  ; a at $rbp-0xc
movl   $0x2,-0x8(%rbp)  ; b at $rbp-0x8
movl   $0x3,-0x4(%rbp)  ; c at $rbp-0x4
```

:::
::::::::::::::

When the parent function calls the child function, the arguments are saved in the registers rdi, rsi, rdx, rcx, r8, and r9.
If more than 6 arguments, the extra arguments are saved on the stack.  
Inside the child function, it reads the registers and saves the arguments into its stack frame. The argument addresses in the stack frame are based on the base pointer rbp.

:::::::::::::: {.columns}
::: {.column width=50%}

```c
parent_function()
{
    child_func(a, b);
}

int child_func(int a, int b)
{
}
```

:::
::: {.column width=50%}

```asm
<parent_function>:
  mov    -0x8(%rbp),%esi    # save a to $esi
  mov    -0xc(%rbp),%edi    # save b to $edi
  call   child_func

<child_func>:
  mov    %edi,-0x14(%rbp)   # save $edi to stack, b
  mov    %esi,-0x18(%rbp)   # save $esi to stack, a
```

:::
::::::::::::::

# Print the Raw Stack

:::::::::::::: {.columns}
::: {.column width=50%}

Instruction call pushes the parent rip onto the stack. Prolog pushes the parent rip onto the stack. Function arguments and local variables are stored in the stack, and their addresses are based on the current $rbp.

So, from current rbp, go backward to lower addresses, we reach the local variables and arguments. From current rbp, go forward to higher addresses, we reach the parent rbp and rip.

In GDB:

- To examine arguments and local variables, examine backward from rbp, eg: `x/-6wx $rbp`.
- To examine the parentвҖҷs rbp and rip, examine forward from rbp: `x/2a $rbp`.

:::
::: {.column width=50%}

```go
в”Җв”Җв”Җlow address  в”Ңв”Җв”Җв”Җв”Җв”Җв”Җв”Җв”Җв”Җв”Җв”Җв”Җв”Җв”Җв”Җв”Җв”җ
                в”Ӯ     stack      в”Ӯ
                в”ңв”Җв”Җв”Җв”Җв”Җв”Җв”Җв”Җв”Җв”Җв”Җв”Җв”Җв”Җв”Җв”Җв”Ө
                в”Ӯ                в”Ӯ
                в”Ӯ ...            в”Ӯ
                в”Ӯ argument       в”Ӯ
                в”Ӯ argument       в”Ӯ
                в”Ӯ ...            в”Ӯ
                в”Ӯ local variable в”Ӯ
                в”Ӯ local variable в”Ӯ
      $rbp в”Җв”Җв”Җв–ә в”Ӯ parent $rbp    в”Ӯ
                в”Ӯ parent %rip    в”Ӯ
                в”Ӯ                в”Ӯ
в”Җв”Җhigh address  в””в”Җв”Җв”Җв”Җв”Җв”Җв”Җв”Җв”Җв”Җв”Җв”Җв”Җв”Җв”Җв”Җв”ҳ
```

:::
::::::::::::::

:::::::::::::: {.columns}
::: {.column width=50%}

1. main.c
```c
int func(int argv1, int argv2)
{
    int a = 0xaaaaaaaa;
    int b = 0xbbbbbbbb;
    int c = 0xcccccccc;
    int d = 0xdddddddd;
    return 0;
}

int main(int argc, char** argv)
{
    func(0x11111111, 0x22222222);
    return 0;
}
```

```sh
$ gcc main.c -o main
```

2. Run.

```sh
(gdb) file main
(gdb) disassemble func
   0x0000000000001129 <+0>:     endbr64 
   0x000000000000112d <+4>:     push   %rbp
   0x000000000000112e <+5>:     mov    %rsp,%rbp
   0x0000000000001131 <+8>:     mov    %edi,-0x14(%rbp)
   0x0000000000001134 <+11>:    mov    %esi,-0x18(%rbp)
   0x0000000000001137 <+14>:    movl   $0xaaaaaaaa,-0x10(%rbp)
   0x000000000000113e <+21>:    movl   $0xbbbbbbbb,-0xc(%rbp)
   0x0000000000001145 <+28>:    movl   $0xcccccccc,-0x8(%rbp)
   0x000000000000114c <+35>:    movl   $0xdddddddd,-0x4(%rbp)
   0x0000000000001153 <+42>:    mov    $0x0,%eax
   0x0000000000001158 <+47>:    pop    %rbp
   0x0000000000001159 <+48>:    ret
```

:::
::: {.column width=50%}

3. Set breakpoint at the end of func.

```sh
(gdb) break *func+42

(gdb) run
Breakpoint 1, 0x0000555555555153 in func ()
```

4. Examine arguments and local variables.
```sh
(gdb) x/-6wx $rbp
0x7fffffffe5b8: 0x22222222      0x11111111      0xaaaaaaaa      0xbbbbbbbb
0x7fffffffe5c8: 0xcccccccc      0xdddddddd
```

5. Examine parent's $rip and $rbp.
```sh
(gdb) x/2a $rbp
0x7fffffffe5d0: 0x7fffffffe5f0  0x55555555517c <main+34>
```

Illustrate the stack.
```go
                         в”Ңв”Җв”Җв”Җв”Җв”Җв”Җв”Җв”Җв”Җв”Җв”Җв”Җв”Җв”Җв”Җв”Җв”җ
                         в”Ӯ     stack      в”Ӯ
          в”Җв”Җв”Җlow address в”ңв”Җв”Җв”Җв”Җв”Җв”Җв”Җв”Җв”Җв”Җв”Җв”Җв”Җв”Җв”Җв”Җв”Ө
                         в”Ӯ                в”Ӯ
          0x7fffffffe5b8 в”Ӯ 0x22222222     в”Ӯ argument argv2
                         в”Ӯ 0x11111111     в”Ӯ argument argv2
                         в”Ӯ 0xaaaaaaaa     в”Ӯ variable a
                         в”Ӯ 0xbbbbbbbb     в”Ӯ variable b
          0x7fffffffe5c8 в”Ӯ 0xcccccccc     в”Ӯ variable c
                         в”Ӯ 0xdddddddd     в”Ӯ variable d
$rbp в”Җв”Җв”Җв–ә 0x7fffffffe5d0 в”Ӯ 0x7fffffffe5f0 в”Ӯ parent $rbp
                         в”Ӯ 0x55555555517c в”Ӯ parent $rip
                         в”Ӯ                в”Ӯ
          в”Җв”Җhigh address в””в”Җв”Җв”Җв”Җв”Җв”Җв”Җв”Җв”Җв”Җв”Җв”Җв”Җв”Җв”Җв”Җв”ҳ
```

:::
::::::::::::::

# DWARF
## Find Variable Address
TODO...

## Reverse Variable from the Stack
TODO...

# GDB Utilities

:::::::::::::: {.columns}
::: {.column width=50%}

```sh
$ gcc -g main.c -o main
$ gdb main
```

```sh
(gdb) break *func+42
Breakpoint 1 at 0x1153: file main.c, line 7.

(gdb) run
Starting program: /root/demo/main 
Breakpoint 1, func (argv1=286331153, argv2=572662306) at main.c:7

(gdb) info frame
Stack level 0, frame at 0x7fffffffe5e0:
 rip = 0x555555555153 in func (main.c:7); saved rip = 0x55555555517c
 called by frame at 0x7fffffffe600
 source language c.
 Arglist at 0x7fffffffe5d0, args: argv1=286331153, argv2=572662306
 Locals at 0x7fffffffe5d0, Previous frame's sp is 0x7fffffffe5e0
 Saved registers:
  rbp at 0x7fffffffe5d0, rip at 0x7fffffffe5d8
```

:::
::: {.column width=50%}

```sh
(gdb) info args
argv1 = 286331153
argv2 = 572662306

(gdb) info locals
a = -1431655766
b = -1145324613
c = -858993460
d = -572662307
```

:::
::::::::::::::

